<?xml version="1.0" encoding="UTF-8"?>
<!-- Generated by org.testng.reporters.JUnitReportReporter -->
<testsuite hostname="MADDY" failures="0" tests="1" name="TestCases.TC_Bnak001" time="63.458" errors="0" timestamp="2024-03-21T18:51:17 IST" skipped="0">
  <testcase classname="TestCases.TC_Bnak001" name="Bank" time="63.458"/>
  <system-out/>
</testsuite> <!-- TestCases.TC_Bnak001 -->
