<?xml version="1.0" encoding="UTF-8"?>
<!-- Generated by org.testng.reporters.JUnitReportReporter -->
<testsuite hostname="MADDY" failures="0" tests="1" name="Utilities.BankProject.TC_Bnak001" time="8.367" errors="0" timestamp="2024-03-21T16:17:54 IST" skipped="0">
  <testcase classname="Utilities.BankProject.TC_Bnak001" name="Bank" time="8.367"/>
  <system-out/>
</testsuite> <!-- Utilities.BankProject.TC_Bnak001 -->
